<?xml version="1.0" encoding="utf-8"?><testsuites><testsuite name="pytest" errors="0" failures="0" skipped="0" tests="0" time="0.141" timestamp="2021-10-29T18:05:22.886357" hostname="LYOMREY1" /></testsuites>