<?xml version="1.0" encoding="utf-8"?><testsuites><testsuite name="pytest" errors="0" failures="0" skipped="0" tests="0" time="0.131" timestamp="2021-10-29T18:12:16.716039" hostname="LYOMREY1" /></testsuites>