<?xml version="1.0" encoding="utf-8"?><testsuites><testsuite name="pytest" errors="0" failures="0" skipped="0" tests="0" time="0.119" timestamp="2021-11-02T18:04:39.530894" hostname="LYOMREY1" /></testsuites>