<?xml version="1.0" encoding="utf-8"?><testsuites><testsuite name="pytest" errors="0" failures="0" skipped="0" tests="0" time="0.169" timestamp="2021-10-29T17:40:05.017402" hostname="LYOMREY1" /></testsuites>