<?xml version="1.0" encoding="utf-8"?><testsuites><testsuite name="pytest" errors="0" failures="0" skipped="0" tests="0" time="0.776" timestamp="2021-10-26T14:40:08.505019" hostname="LYOMREY1" /></testsuites>