<?xml version="1.0" encoding="utf-8"?><testsuites><testsuite name="pytest" errors="0" failures="0" skipped="0" tests="0" time="1.380" timestamp="2021-10-26T16:16:20.833947" hostname="LYOMREY1" /></testsuites>