<?xml version="1.0" encoding="utf-8"?><testsuites><testsuite name="pytest" errors="0" failures="0" skipped="0" tests="0" time="0.834" timestamp="2022-03-02T17:25:05.793387" hostname="LYOMREY1" /></testsuites>