<?xml version="1.0" encoding="utf-8"?><testsuites><testsuite name="pytest" errors="0" failures="0" skipped="0" tests="0" time="0.128" timestamp="2021-10-26T12:34:30.270598" hostname="LYOMREY1" /></testsuites>