<?xml version="1.0" encoding="utf-8"?><testsuites><testsuite name="pytest" errors="0" failures="0" skipped="0" tests="0" time="0.121" timestamp="2021-10-26T12:01:54.174309" hostname="LYOMREY1" /></testsuites>