<?xml version="1.0" encoding="utf-8"?><testsuites><testsuite name="pytest" errors="0" failures="0" skipped="0" tests="0" time="0.149" timestamp="2021-10-29T17:52:47.720854" hostname="LYOMREY1" /></testsuites>