<?xml version="1.0" encoding="utf-8"?><testsuites><testsuite name="pytest" errors="0" failures="0" skipped="0" tests="0" time="0.138" timestamp="2021-10-29T18:08:19.245285" hostname="LYOMREY1" /></testsuites>