<?xml version="1.0" encoding="utf-8"?><testsuites><testsuite name="pytest" errors="0" failures="0" skipped="0" tests="0" time="0.601" timestamp="2021-10-26T14:37:38.739018" hostname="LYOMREY1" /></testsuites>