<?xml version="1.0" encoding="utf-8"?><testsuites><testsuite name="pytest" errors="0" failures="0" skipped="0" tests="0" time="0.240" timestamp="2021-11-02T11:48:57.991030" hostname="LYOMREY1" /></testsuites>